<<<<<<< HEAD
[DEBUG] 2025-05-10 16:21:57.987 [main] TestNG - suiteXmlPath: "C:\Users\Mostafa.AbdelShafy\AppData\Local\JetBrains\IdeaIC2024.3\temp-testng-customsuite.xml"
[INFO] 2025-05-10 16:21:59.978 [main] TestNGListeners - Test Execution started
[INFO] 2025-05-10 16:22:00.059 [main] PropertiesUtils - Loading Properties File Data
[INFO] 2025-05-10 16:22:00.326 [main] Utils - [TestNG] Running:
  C:\Users\Mostafa.AbdelShafy\AppData\Local\JetBrains\IdeaIC2024.3\temp-testng-customsuite.xml

[INFO] 2025-05-10 16:22:10.656 [main] DriverManager - Driver created on:  Edge
[INFO] 2025-05-10 16:22:12.919 [main] BrowserActions - Navigated to URL:  https://www.saucedemo.com/
[DEBUG] 2025-05-10 16:22:13.614 [main] CompiledPath - Evaluating path: $['login-credentials']['username']
[INFO] 2025-05-10 16:22:13.633 [main] JsonUtils - Json path: 'login-credentials.username' in the json file: 'test-data' has value: 'standard_user'
[DEBUG] 2025-05-10 16:22:14.811 [main] CompiledPath - Evaluating path: $['login-credentials']['password']
[INFO] 2025-05-10 16:22:14.812 [main] JsonUtils - Json path: 'login-credentials.password' in the json file: 'test-data' has value: 'secret_sauce'
[INFO] 2025-05-10 16:22:16.666 [main] BrowserActions - Current URL https://www.saucedemo.com/inventory.html
[INFO] 2025-05-10 16:22:16.820 [main] BrowserActions - Page Title:  Swag Labs
[ERROR] 2025-05-10 16:22:16.860 [main] ScreenshotsUtils - Failed to take screenshot: Cannot invoke "org.openqa.selenium.TakesScreenshot.getScreenshotAs(org.openqa.selenium.OutputType)" because "driver" is null
[ERROR] 2025-05-10 16:22:16.878 [main] AllureUtils - Failed to attach logs to Allure report: test-outputs\Logs\logs
[INFO] 2025-05-10 16:22:17.144 [main] TestNGListeners - Test case successfulLogin passed
[INFO] 2025-05-10 16:22:17.150 [main] BrowserActions - Closing the browser
[DEBUG] 2025-05-10 16:22:20.727 [main] CompiledPath - Evaluating path: $['product-names']['item1']['name']
[INFO] 2025-05-10 16:22:20.728 [main] JsonUtils - Json path: 'product-names.item1.name' in the json file: 'test-data' has value: 'Sauce Labs Backpack'
[INFO] 2025-05-10 16:22:20.729 [main] HomePage - Adding Sauce Labs Backpack to cart
[ERROR] 2025-05-10 16:22:20.748 [main] ScreenshotsUtils - Failed to take screenshot: Cannot invoke "org.openqa.selenium.TakesScreenshot.getScreenshotAs(org.openqa.selenium.OutputType)" because "driver" is null
[ERROR] 2025-05-10 16:22:20.749 [main] AllureUtils - Failed to attach logs to Allure report: test-outputs\Logs\logs
[INFO] 2025-05-10 16:22:20.754 [main] TestNGListeners - Test case addingProductToCart failed
[INFO] 2025-05-10 16:22:20.767 [main] BrowserActions - Closing the browser
[INFO] 2025-05-10 16:22:20.805 [main] TestNGListeners - Test Execution finished
[ERROR] 2025-05-10 16:22:20.810 [main] TerminalUtils - Failed to execute command: Cannot run program "C:\Users\Mostafa.AbdelShafy\.m2\repository\allure\allure-2.33.0\bin\allure.bat": CreateProcess error=2, The system cannot find the file specified
[INFO] 2025-05-10 16:22:20.811 [main] AllureUtils - Allure report generated successfully on Windows
[ERROR] 2025-05-10 16:22:20.816 [main] FilesUtils - Failed to rename file: Source 'test-outputs\allure-report\index.html' does not exist
[DEBUG] 2025-05-10 16:24:07.252 [main] TestNG - suiteXmlPath: "C:\Users\Mostafa.AbdelShafy\AppData\Local\JetBrains\IdeaIC2024.3\temp-testng-customsuite.xml"
[INFO] 2025-05-10 16:24:08.955 [main] TestNGListeners - Test Execution started
[INFO] 2025-05-10 16:24:08.997 [main] PropertiesUtils - Loading Properties File Data
[INFO] 2025-05-10 16:24:09.115 [main] Utils - [TestNG] Running:
  C:\Users\Mostafa.AbdelShafy\AppData\Local\JetBrains\IdeaIC2024.3\temp-testng-customsuite.xml

[INFO] 2025-05-10 16:24:14.410 [main] DriverManager - Driver created on:  Edge
[INFO] 2025-05-10 16:24:16.114 [main] BrowserActions - Navigated to URL:  https://www.saucedemo.com/
[DEBUG] 2025-05-10 16:24:16.689 [main] CompiledPath - Evaluating path: $['login-credentials']['username']
[INFO] 2025-05-10 16:24:16.700 [main] JsonUtils - Json path: 'login-credentials.username' in the json file: 'test-data' has value: 'standard_user'
[DEBUG] 2025-05-10 16:24:17.360 [main] CompiledPath - Evaluating path: $['login-credentials']['password']
[INFO] 2025-05-10 16:24:17.361 [main] JsonUtils - Json path: 'login-credentials.password' in the json file: 'test-data' has value: 'secret_sauce'
[INFO] 2025-05-10 16:24:18.317 [main] BrowserActions - Current URL https://www.saucedemo.com/inventory.html
[INFO] 2025-05-10 16:24:18.452 [main] BrowserActions - Page Title:  Swag Labs
[ERROR] 2025-05-10 16:24:18.568 [main] ScreenshotsUtils - Failed to take screenshot: Cannot invoke "org.openqa.selenium.TakesScreenshot.getScreenshotAs(org.openqa.selenium.OutputType)" because "driver" is null
[ERROR] 2025-05-10 16:24:18.580 [main] AllureUtils - Failed to attach logs to Allure report: test-outputs\Logs\logs
[INFO] 2025-05-10 16:24:19.001 [main] TestNGListeners - Test case successfulLogin passed
[DEBUG] 2025-05-10 16:24:19.116 [main] CompiledPath - Evaluating path: $['product-names']['item1']['name']
[INFO] 2025-05-10 16:24:19.117 [main] JsonUtils - Json path: 'product-names.item1.name' in the json file: 'test-data' has value: 'Sauce Labs Backpack'
[INFO] 2025-05-10 16:24:19.117 [main] HomePage - Adding Sauce Labs Backpack to cart
[ERROR] 2025-05-10 16:24:19.805 [main] ScreenshotsUtils - Failed to take screenshot: Cannot invoke "org.openqa.selenium.TakesScreenshot.getScreenshotAs(org.openqa.selenium.OutputType)" because "driver" is null
[ERROR] 2025-05-10 16:24:19.806 [main] AllureUtils - Failed to attach logs to Allure report: test-outputs\Logs\logs
[INFO] 2025-05-10 16:24:19.809 [main] TestNGListeners - Test case addingProductToCart passed
[INFO] 2025-05-10 16:24:19.833 [main] TestNGListeners - Test Execution finished
[ERROR] 2025-05-10 16:24:19.836 [main] TerminalUtils - Failed to execute command: Cannot run program "C:\Users\Mostafa.AbdelShafy\.m2\repository\allure\allure-2.33.0\bin\allure.bat": CreateProcess error=2, The system cannot find the file specified
[INFO] 2025-05-10 16:24:19.837 [main] AllureUtils - Allure report generated successfully on Windows
[ERROR] 2025-05-10 16:24:19.844 [main] FilesUtils - Failed to rename file: Source 'test-outputs\allure-report\index.html' does not exist
[DEBUG] 2025-05-10 20:31:01.406 [main] TestNG - suiteXmlPath: "C:\Users\Mostafa.AbdelShafy\AppData\Local\JetBrains\IdeaIC2024.3\temp-testng-customsuite.xml"
[INFO] 2025-05-10 20:31:03.197 [main] TestNGListeners - Test Execution started
[INFO] 2025-05-10 20:31:03.243 [main] PropertiesUtils - Loading Properties File Data
[INFO] 2025-05-10 20:31:03.365 [main] Utils - [TestNG] Running:
  C:\Users\Mostafa.AbdelShafy\AppData\Local\JetBrains\IdeaIC2024.3\temp-testng-customsuite.xml

[INFO] 2025-05-10 20:31:10.683 [main] DriverManager - Driver created on:  Edge
[INFO] 2025-05-10 20:31:13.141 [main] BrowserActions - Navigated to URL:  https://www.saucedemo.com/
[DEBUG] 2025-05-10 20:31:13.825 [main] CompiledPath - Evaluating path: $['login-credentials']['username']
[INFO] 2025-05-10 20:31:13.853 [main] JsonUtils - Json path: 'login-credentials.username' in the json file: 'test-data' has value: 'standard_user'
[DEBUG] 2025-05-10 20:31:15.182 [main] CompiledPath - Evaluating path: $['login-credentials']['password']
[INFO] 2025-05-10 20:31:15.184 [main] JsonUtils - Json path: 'login-credentials.password' in the json file: 'test-data' has value: 'secret_sauce'
[INFO] 2025-05-10 20:31:16.866 [main] BrowserActions - Current URL https://www.saucedemo.com/inventory.html
[INFO] 2025-05-10 20:31:17.118 [main] BrowserActions - Page Title:  Swag Labs
[ERROR] 2025-05-10 20:31:17.181 [main] ScreenshotsUtils - Failed to take screenshot: Cannot invoke "org.openqa.selenium.TakesScreenshot.getScreenshotAs(org.openqa.selenium.OutputType)" because "driver" is null
[ERROR] 2025-05-10 20:31:17.204 [main] AllureUtils - Failed to attach logs to Allure report: test-outputs\Logs\logs
[INFO] 2025-05-10 20:31:17.549 [main] TestNGListeners - Test case successfulLogin passed
[DEBUG] 2025-05-10 20:31:17.611 [main] CompiledPath - Evaluating path: $['product-names']['item1']['name']
[INFO] 2025-05-10 20:31:17.612 [main] JsonUtils - Json path: 'product-names.item1.name' in the json file: 'test-data' has value: 'Sauce Labs Backpack'
[INFO] 2025-05-10 20:31:17.614 [main] HomePage - Adding Sauce Labs Backpack to cart
[ERROR] 2025-05-10 20:31:18.412 [main] ScreenshotsUtils - Failed to take screenshot: Cannot invoke "org.openqa.selenium.TakesScreenshot.getScreenshotAs(org.openqa.selenium.OutputType)" because "driver" is null
[ERROR] 2025-05-10 20:31:18.413 [main] AllureUtils - Failed to attach logs to Allure report: test-outputs\Logs\logs
[INFO] 2025-05-10 20:31:18.421 [main] TestNGListeners - Test case addingProductToCart passed
[INFO] 2025-05-10 20:31:18.456 [main] TestNGListeners - Test Execution finished
[ERROR] 2025-05-10 20:31:18.464 [main] TerminalUtils - Failed to execute command: Cannot run program "C:\Users\Mostafa.AbdelShafy\.m2\repository\allure\allure-2.33.0\bin\allure.bat": CreateProcess error=2, The system cannot find the file specified
[INFO] 2025-05-10 20:31:18.465 [main] AllureUtils - Allure report generated successfully on Windows
[ERROR] 2025-05-10 20:31:18.471 [main] FilesUtils - Failed to rename file: Source 'test-outputs\allure-report\index.html' does not exist
[INFO] 2025-05-10 20:31:37.648 [main] TerminalUtils - Command executed successfully: cmd.exe /c start test-outputs/allure-report\Report_2025-05-10-20-31-18.html
[DEBUG] 2025-05-10 20:36:52.121 [main] TestNG - suiteXmlPath: "C:\Users\Mostafa.AbdelShafy\AppData\Local\JetBrains\IdeaIC2024.3\temp-testng-customsuite.xml"
[INFO] 2025-05-10 20:36:53.863 [main] TestNGListeners - Test Execution started
[INFO] 2025-05-10 20:36:53.904 [main] PropertiesUtils - Loading Properties File Data
[INFO] 2025-05-10 20:36:54.011 [main] Utils - [TestNG] Running:
  C:\Users\Mostafa.AbdelShafy\AppData\Local\JetBrains\IdeaIC2024.3\temp-testng-customsuite.xml

[INFO] 2025-05-10 20:37:01.203 [main] DriverManager - Driver created on:  Edge
[INFO] 2025-05-10 20:37:07.277 [main] BrowserActions - Navigated to URL:  https://www.saucedemo.com/
[DEBUG] 2025-05-10 20:37:08.420 [main] CompiledPath - Evaluating path: $['login-credentials']['username']
[INFO] 2025-05-10 20:37:08.431 [main] JsonUtils - Json path: 'login-credentials.username' in the json file: 'test-data' has value: 'standard_user'
[DEBUG] 2025-05-10 20:37:09.345 [main] CompiledPath - Evaluating path: $['login-credentials']['password']
[INFO] 2025-05-10 20:37:09.347 [main] JsonUtils - Json path: 'login-credentials.password' in the json file: 'test-data' has value: 'secret_sauce'
[INFO] 2025-05-10 20:37:10.841 [main] BrowserActions - Current URL https://www.saucedemo.com/inventory.html
[INFO] 2025-05-10 20:37:11.017 [main] BrowserActions - Page Title:  Swag Labs
[ERROR] 2025-05-10 20:37:11.065 [main] ScreenshotsUtils - Failed to take screenshot: Cannot invoke "org.openqa.selenium.TakesScreenshot.getScreenshotAs(org.openqa.selenium.OutputType)" because "driver" is null
[ERROR] 2025-05-10 20:37:11.104 [main] AllureUtils - Failed to attach logs to Allure report: test-outputs\Logs\logs
[INFO] 2025-05-10 20:37:11.525 [main] TestNGListeners - Test case successfulLogin passed
[DEBUG] 2025-05-10 20:37:11.593 [main] CompiledPath - Evaluating path: $['product-names']['item1']['name']
[INFO] 2025-05-10 20:37:11.594 [main] JsonUtils - Json path: 'product-names.item1.name' in the json file: 'test-data' has value: 'Sauce Labs Backpack'
[INFO] 2025-05-10 20:37:11.595 [main] HomePage - Adding Sauce Labs Backpack to cart
[ERROR] 2025-05-10 20:37:12.400 [main] ScreenshotsUtils - Failed to take screenshot: Cannot invoke "org.openqa.selenium.TakesScreenshot.getScreenshotAs(org.openqa.selenium.OutputType)" because "driver" is null
[ERROR] 2025-05-10 20:37:12.401 [main] AllureUtils - Failed to attach logs to Allure report: test-outputs\Logs\logs
[INFO] 2025-05-10 20:37:12.406 [main] TestNGListeners - Test case addingProductToCart passed
[INFO] 2025-05-10 20:37:12.448 [main] TestNGListeners - Test Execution finished
[ERROR] 2025-05-10 20:37:12.455 [main] TerminalUtils - Failed to execute command: Cannot run program "C:\Users\Mostafa.AbdelShafy\.m2\repository\allure\allure-2.33.0\bin\allure.bat": CreateProcess error=2, The system cannot find the file specified
[INFO] 2025-05-10 20:37:12.456 [main] AllureUtils - Allure report generated successfully on Windows
[ERROR] 2025-05-10 20:37:12.467 [main] FilesUtils - Failed to rename file: Source 'test-outputs\allure-report\index.html' does not exist
[DEBUG] 2025-05-10 20:41:27.183 [main] TestNG - suiteXmlPath: "C:\Users\Mostafa.AbdelShafy\AppData\Local\JetBrains\IdeaIC2024.3\temp-testng-customsuite.xml"
[INFO] 2025-05-10 20:41:28.987 [main] TestNGListeners - Test Execution started
[INFO] 2025-05-10 20:41:29.030 [main] PropertiesUtils - Loading Properties File Data
[INFO] 2025-05-10 20:41:29.182 [main] Utils - [TestNG] Running:
  C:\Users\Mostafa.AbdelShafy\AppData\Local\JetBrains\IdeaIC2024.3\temp-testng-customsuite.xml

[INFO] 2025-05-10 20:41:36.975 [main] DriverManager - Driver created on:  Edge
[INFO] 2025-05-10 20:41:45.604 [main] BrowserActions - Navigated to URL:  https://www.saucedemo.com/
[DEBUG] 2025-05-10 20:41:46.208 [main] CompiledPath - Evaluating path: $['login-credentials']['username']
[INFO] 2025-05-10 20:41:46.224 [main] JsonUtils - Json path: 'login-credentials.username' in the json file: 'test-data' has value: 'standard_user'
[DEBUG] 2025-05-10 20:41:46.829 [main] CompiledPath - Evaluating path: $['login-credentials']['password']
[INFO] 2025-05-10 20:41:46.830 [main] JsonUtils - Json path: 'login-credentials.password' in the json file: 'test-data' has value: 'secret_sauce'
[INFO] 2025-05-10 20:41:48.291 [main] BrowserActions - Current URL https://www.saucedemo.com/inventory.html
[INFO] 2025-05-10 20:41:48.358 [main] BrowserActions - Page Title:  Swag Labs
[ERROR] 2025-05-10 20:41:48.451 [main] ScreenshotsUtils - Failed to take screenshot: Cannot invoke "org.openqa.selenium.TakesScreenshot.getScreenshotAs(org.openqa.selenium.OutputType)" because "driver" is null
[ERROR] 2025-05-10 20:41:48.463 [main] AllureUtils - Failed to attach logs to Allure report: test-outputs\Logs\logs
[INFO] 2025-05-10 20:41:48.701 [main] TestNGListeners - Test case successfulLogin passed
[DEBUG] 2025-05-10 20:41:48.746 [main] CompiledPath - Evaluating path: $['product-names']['item1']['name']
[INFO] 2025-05-10 20:41:48.747 [main] JsonUtils - Json path: 'product-names.item1.name' in the json file: 'test-data' has value: 'Sauce Labs Backpack'
[INFO] 2025-05-10 20:41:48.748 [main] HomePage - Adding Sauce Labs Backpack to cart
[ERROR] 2025-05-10 20:41:49.397 [main] ScreenshotsUtils - Failed to take screenshot: Cannot invoke "org.openqa.selenium.TakesScreenshot.getScreenshotAs(org.openqa.selenium.OutputType)" because "driver" is null
[ERROR] 2025-05-10 20:41:49.400 [main] AllureUtils - Failed to attach logs to Allure report: test-outputs\Logs\logs
[INFO] 2025-05-10 20:41:49.411 [main] TestNGListeners - Test case addingProductToCart passed
[INFO] 2025-05-10 20:41:49.438 [main] TestNGListeners - Test Execution finished
[ERROR] 2025-05-10 20:41:49.442 [main] TerminalUtils - Failed to execute command: Cannot run program "C:\Users\Mostafa.AbdelShafy\.m2\repository\allure\allure-2.33.0\bin\allure.bat": CreateProcess error=2, The system cannot find the file specified
[INFO] 2025-05-10 20:41:49.442 [main] AllureUtils - Allure report generated successfully on Windows
[INFO] 2025-05-10 20:41:49.451 [main] FilesUtils - Target File Path: "test-outputs\allure-report\index.html", file was renamed to "Report_2025-05-10-20-41-49.html".
[INFO] 2025-05-10 20:41:49.960 [main] TerminalUtils - Command executed successfully: cmd.exe /c start test-outputs/allure-report\Report_2025-05-10-20-41-49.html
[DEBUG] 2025-05-10 21:03:41.215 [main] TestNG - suiteXmlPath: "C:\Users\Mostafa.AbdelShafy\AppData\Local\JetBrains\IdeaIC2024.3\temp-testng-customsuite.xml"
[INFO] 2025-05-10 21:03:44.927 [main] TestNGListeners - Test Execution started
[INFO] 2025-05-10 21:03:45.002 [main] PropertiesUtils - Loading Properties File Data
[INFO] 2025-05-10 21:03:45.268 [main] Utils - [TestNG] Running:
  C:\Users\Mostafa.AbdelShafy\AppData\Local\JetBrains\IdeaIC2024.3\temp-testng-customsuite.xml

[INFO] 2025-05-10 21:03:54.891 [main] DriverManager - Driver created on:  Edge
[INFO] 2025-05-10 21:03:57.748 [main] BrowserActions - Navigated to URL:  https://www.saucedemo.com/
[DEBUG] 2025-05-10 21:03:58.334 [main] CompiledPath - Evaluating path: $['login-credentials']['username']
[INFO] 2025-05-10 21:03:58.348 [main] JsonUtils - Json path: 'login-credentials.username' in the json file: 'test-data' has value: 'standard_user'
[DEBUG] 2025-05-10 21:03:59.162 [main] CompiledPath - Evaluating path: $['login-credentials']['password']
[INFO] 2025-05-10 21:03:59.166 [main] JsonUtils - Json path: 'login-credentials.password' in the json file: 'test-data' has value: 'secret_sauce'
[INFO] 2025-05-10 21:04:01.528 [main] BrowserActions - Current URL https://www.saucedemo.com/inventory.html
[INFO] 2025-05-10 21:04:01.643 [main] BrowserActions - Page Title:  Swag Labs
[ERROR] 2025-05-10 21:04:01.732 [main] ScreenshotsUtils - Failed to take screenshot: Cannot invoke "org.openqa.selenium.TakesScreenshot.getScreenshotAs(org.openqa.selenium.OutputType)" because "driver" is null
[ERROR] 2025-05-10 21:04:01.785 [main] AllureUtils - Failed to attach logs to Allure report: test-outputs\Logs\logs
[INFO] 2025-05-10 21:04:02.135 [main] TestNGListeners - Test case successfulLogin passed
[DEBUG] 2025-05-10 21:04:02.224 [main] CompiledPath - Evaluating path: $['product-names']['item1']['name']
[INFO] 2025-05-10 21:04:02.225 [main] JsonUtils - Json path: 'product-names.item1.name' in the json file: 'test-data' has value: 'Sauce Labs Backpack'
[INFO] 2025-05-10 21:04:02.227 [main] HomePage - Adding Sauce Labs Backpack to cart
[ERROR] 2025-05-10 21:04:03.043 [main] ScreenshotsUtils - Failed to take screenshot: Cannot invoke "org.openqa.selenium.TakesScreenshot.getScreenshotAs(org.openqa.selenium.OutputType)" because "driver" is null
[ERROR] 2025-05-10 21:04:03.046 [main] AllureUtils - Failed to attach logs to Allure report: test-outputs\Logs\logs
[INFO] 2025-05-10 21:04:03.049 [main] TestNGListeners - Test case addingProductToCart passed
[INFO] 2025-05-10 21:04:03.100 [main] TestNGListeners - Test Execution finished
[ERROR] 2025-05-10 21:04:03.111 [main] TerminalUtils - Failed to execute command: Cannot run program "C:\Users\Mostafa.AbdelShafy\.m2\repository\allure\allure-2.33.0\bin\allure.bat": CreateProcess error=2, The system cannot find the file specified
[INFO] 2025-05-10 21:04:03.112 [main] AllureUtils - Allure report generated successfully on Windows
[INFO] 2025-05-10 21:04:03.137 [main] FilesUtils - Target File Path: "test-outputs\allure-report\index.html", file was renamed to "Report_2025-05-10-21-04-03.html".
[INFO] 2025-05-10 21:04:03.781 [main] TerminalUtils - Command executed successfully: cmd.exe /c start test-outputs/allure-report\Report_2025-05-10-21-04-03.html
=======
[DEBUG] 2025-05-30 18:09:25.972 [main] TestNG - suiteXmlPath: "C:\Users\Mostafa.AbdelShafy\AppData\Local\JetBrains\IdeaIC2024.3\temp-testng-customsuite.xml"
[INFO] 2025-05-30 18:09:28.403 [main] TestNGListeners - Test Execution started
[INFO] 2025-05-30 18:09:28.474 [main] PropertiesUtils - Loading Properties File Data
[INFO] 2025-05-30 18:09:28.883 [main] Utils - [TestNG] Running:
  C:\Users\Mostafa.AbdelShafy\AppData\Local\JetBrains\IdeaIC2024.3\temp-testng-customsuite.xml

[INFO] 2025-05-30 18:09:44.469 [main] BrowserActions - Navigated to URL:  https://test.dhub.pro/#/auth/login
[DEBUG] 2025-05-30 18:09:44.707 [main] CompiledPath - Evaluating path: $['login-credentials']['username']
[INFO] 2025-05-30 18:09:44.734 [main] JsonUtils - Json path: 'login-credentials.username' in the json file: 'test-data' has value: 'Account@1.com'
[DEBUG] 2025-05-30 18:09:45.379 [main] CompiledPath - Evaluating path: $['login-credentials']['password']
[INFO] 2025-05-30 18:09:45.379 [main] JsonUtils - Json path: 'login-credentials.password' in the json file: 'test-data' has value: 'Mnbvcxz@2'
[INFO] 2025-05-30 18:09:46.237 [main] BrowserActions - Current URL https://test.dhub.pro/#/auth/login
[ERROR] 2025-05-30 18:09:46.611 [main] AllureUtils - Failed to attach logs to Allure report: test-outputs\Logs\logs
[INFO] 2025-05-30 18:09:47.171 [main] TestNGListeners - Test case loginTest passed
[DEBUG] 2025-05-30 18:09:47.210 [main] CompiledPath - Evaluating path: $['customer-names']['user1']['name']
[INFO] 2025-05-30 18:09:47.214 [main] JsonUtils - Json path: 'customer-names.user1.name' in the json file: 'test-data' has value: 'Sauce Labs Backpack'
[DEBUG] 2025-05-30 18:09:47.214 [main] CompiledPath - Evaluating path: $['customer-names']['user1']['phoneNumber']
[INFO] 2025-05-30 18:09:47.220 [main] JsonUtils - Json path: 'customer-names.user1.phoneNumber' in the json file: 'test-data' has value: '97348900'
[DEBUG] 2025-05-30 18:09:47.222 [main] CompiledPath - Evaluating path: $['customer-names']['user2']['name']
[INFO] 2025-05-30 18:09:47.222 [main] JsonUtils - Json path: 'customer-names.user2.name' in the json file: 'test-data' has value: 'Sauce Labs Bike Light'
[DEBUG] 2025-05-30 18:09:47.223 [main] CompiledPath - Evaluating path: $['customer-names']['user2']['phoneNumber']
[INFO] 2025-05-30 18:09:47.227 [main] JsonUtils - Json path: 'customer-names.user2.phoneNumber' in the json file: 'test-data' has value: '97895644'
[INFO] 2025-05-30 18:09:47.641 [main] BrowserActions - Navigated to URL:  https://test.dhub.pro/#/app
[INFO] 2025-05-30 18:09:47.641 [main] HomePage - Clicking on Create order
[INFO] 2025-05-30 18:09:50.620 [main] HomePage - Filling the pickup task form
[INFO] 2025-05-30 18:10:08.631 [main] HomePage - Filling the delivery task form
[INFO] 2025-05-30 18:10:21.661 [main] HomePage - Clicking on Creating Task Button
[INFO] 2025-05-30 18:10:25.157 [main] HomePage - Actual value: Account 1
[INFO] 2025-05-30 18:10:25.179 [main] HomePage - Account name matched
[ERROR] 2025-05-30 18:10:25.544 [main] AllureUtils - Failed to attach logs to Allure report: test-outputs\Logs\logs
[INFO] 2025-05-30 18:10:25.554 [main] TestNGListeners - Test case createOrder passed
[INFO] 2025-05-30 18:10:25.595 [main] TestNGListeners - Test Execution finished
[INFO] 2025-05-30 18:10:32.181 [main] TerminalUtils - Command executed successfully: C:\Users\Mostafa.AbdelShafy\scoop\apps\allure\current\bin\allure.bat generate test-outputs/allure-results -o test-outputs/allure-report clean --single-file
[INFO] 2025-05-30 18:10:32.186 [main] AllureUtils - Allure report generated successfully on Windows
[ERROR] 2025-05-30 18:10:32.187 [main] FilesUtils - Failed to rename file: Source 'test-outputs\allure-report\index.html' does not exist
[INFO] 2025-05-30 18:10:55.341 [main] TerminalUtils - Command executed successfully: cmd.exe /c start test-outputs/allure-report\Report_2025-05-30-18-10-32.html
[DEBUG] 2025-05-30 18:15:37.927 [main] TestNG - suiteXmlPath: "C:\Users\Mostafa.AbdelShafy\AppData\Local\JetBrains\IdeaIC2024.3\temp-testng-customsuite.xml"
[INFO] 2025-05-30 18:15:40.954 [main] TestNGListeners - Test Execution started
[INFO] 2025-05-30 18:15:41.050 [main] PropertiesUtils - Loading Properties File Data
[INFO] 2025-05-30 18:15:41.442 [main] Utils - [TestNG] Running:
  C:\Users\Mostafa.AbdelShafy\AppData\Local\JetBrains\IdeaIC2024.3\temp-testng-customsuite.xml

[INFO] 2025-05-30 18:16:07.579 [main] BrowserActions - Navigated to URL:  https://test.dhub.pro/#/auth/login
[DEBUG] 2025-05-30 18:16:08.267 [main] CompiledPath - Evaluating path: $['login-credentials']['username']
[INFO] 2025-05-30 18:16:08.352 [main] JsonUtils - Json path: 'login-credentials.username' in the json file: 'test-data' has value: 'Account@1.com'
[DEBUG] 2025-05-30 18:16:09.130 [main] CompiledPath - Evaluating path: $['login-credentials']['password']
[INFO] 2025-05-30 18:16:09.131 [main] JsonUtils - Json path: 'login-credentials.password' in the json file: 'test-data' has value: 'Mnbvcxz@2'
[INFO] 2025-05-30 18:16:11.244 [main] BrowserActions - Current URL https://test.dhub.pro/#/auth/login
[ERROR] 2025-05-30 18:16:12.025 [main] AllureUtils - Failed to attach logs to Allure report: test-outputs\Logs\logs
[INFO] 2025-05-30 18:16:13.033 [main] TestNGListeners - Test case loginTest passed
[DEBUG] 2025-05-30 18:16:13.063 [main] CompiledPath - Evaluating path: $['customer-names']['user1']['name']
[INFO] 2025-05-30 18:16:13.065 [main] JsonUtils - Json path: 'customer-names.user1.name' in the json file: 'test-data' has value: 'Sauce Labs Backpack'
[DEBUG] 2025-05-30 18:16:13.074 [main] CompiledPath - Evaluating path: $['customer-names']['user1']['phoneNumber']
[INFO] 2025-05-30 18:16:13.171 [main] JsonUtils - Json path: 'customer-names.user1.phoneNumber' in the json file: 'test-data' has value: '97348900'
[DEBUG] 2025-05-30 18:16:13.172 [main] CompiledPath - Evaluating path: $['customer-names']['user2']['name']
[INFO] 2025-05-30 18:16:13.174 [main] JsonUtils - Json path: 'customer-names.user2.name' in the json file: 'test-data' has value: 'Sauce Labs Bike Light'
[DEBUG] 2025-05-30 18:16:13.175 [main] CompiledPath - Evaluating path: $['customer-names']['user2']['phoneNumber']
[INFO] 2025-05-30 18:16:13.177 [main] JsonUtils - Json path: 'customer-names.user2.phoneNumber' in the json file: 'test-data' has value: '97895644'
[INFO] 2025-05-30 18:16:13.433 [main] BrowserActions - Navigated to URL:  https://test.dhub.pro/#/app
[INFO] 2025-05-30 18:16:13.434 [main] HomePage - Clicking on Create order
[INFO] 2025-05-30 18:16:16.724 [main] HomePage - Filling the pickup task form
[INFO] 2025-05-30 18:16:41.229 [main] HomePage - Filling the delivery task form
[INFO] 2025-05-30 18:17:02.126 [main] HomePage - Clicking on Creating Task Button
[INFO] 2025-05-30 18:17:05.711 [main] HomePage - Actual value: Account 1
[INFO] 2025-05-30 18:17:05.735 [main] HomePage - Account name matched
[ERROR] 2025-05-30 18:17:06.150 [main] AllureUtils - Failed to attach logs to Allure report: test-outputs\Logs\logs
[INFO] 2025-05-30 18:17:06.168 [main] TestNGListeners - Test case createOrder passed
[INFO] 2025-05-30 18:17:06.328 [main] TestNGListeners - Test Execution finished
[ERROR] 2025-05-30 18:17:06.366 [main] TerminalUtils - Failed to execute command: Cannot run program "C:\Users\Mostafa.AbdelShafy\scoop\apps\allure\2.33.0\bin.bat": CreateProcess error=2, The system cannot find the file specified
[INFO] 2025-05-30 18:17:06.367 [main] AllureUtils - Allure report generated successfully on Windows
[ERROR] 2025-05-30 18:17:06.369 [main] FilesUtils - Failed to rename file: Source 'test-outputs\allure-report\index.html' does not exist
[INFO] 2025-05-30 18:17:19.976 [main] TerminalUtils - Command executed successfully: cmd.exe /c start test-outputs/allure-report\Report_2025-05-30-18-17-06.html
[DEBUG] 2025-05-30 18:19:05.991 [main] TestNG - suiteXmlPath: "C:\Users\Mostafa.AbdelShafy\AppData\Local\JetBrains\IdeaIC2024.3\temp-testng-customsuite.xml"
[INFO] 2025-05-30 18:19:07.745 [main] TestNGListeners - Test Execution started
[INFO] 2025-05-30 18:19:07.792 [main] PropertiesUtils - Loading Properties File Data
[INFO] 2025-05-30 18:19:08.063 [main] Utils - [TestNG] Running:
  C:\Users\Mostafa.AbdelShafy\AppData\Local\JetBrains\IdeaIC2024.3\temp-testng-customsuite.xml

[INFO] 2025-05-30 18:19:22.013 [main] BrowserActions - Navigated to URL:  https://test.dhub.pro/#/auth/login
[DEBUG] 2025-05-30 18:19:22.337 [main] CompiledPath - Evaluating path: $['login-credentials']['username']
[INFO] 2025-05-30 18:19:22.348 [main] JsonUtils - Json path: 'login-credentials.username' in the json file: 'test-data' has value: 'Account@1.com'
[DEBUG] 2025-05-30 18:19:23.281 [main] CompiledPath - Evaluating path: $['login-credentials']['password']
[INFO] 2025-05-30 18:19:23.284 [main] JsonUtils - Json path: 'login-credentials.password' in the json file: 'test-data' has value: 'Mnbvcxz@2'
[INFO] 2025-05-30 18:19:24.246 [main] BrowserActions - Current URL https://test.dhub.pro/#/auth/login
[ERROR] 2025-05-30 18:19:24.610 [main] AllureUtils - Failed to attach logs to Allure report: test-outputs\Logs\logs
[INFO] 2025-05-30 18:19:25.303 [main] TestNGListeners - Test case loginTest passed
[DEBUG] 2025-05-30 18:19:25.320 [main] CompiledPath - Evaluating path: $['customer-names']['user1']['name']
[INFO] 2025-05-30 18:19:25.321 [main] JsonUtils - Json path: 'customer-names.user1.name' in the json file: 'test-data' has value: 'Sauce Labs Backpack'
[DEBUG] 2025-05-30 18:19:25.321 [main] CompiledPath - Evaluating path: $['customer-names']['user1']['phoneNumber']
[INFO] 2025-05-30 18:19:25.322 [main] JsonUtils - Json path: 'customer-names.user1.phoneNumber' in the json file: 'test-data' has value: '97348900'
[DEBUG] 2025-05-30 18:19:25.322 [main] CompiledPath - Evaluating path: $['customer-names']['user2']['name']
[INFO] 2025-05-30 18:19:25.323 [main] JsonUtils - Json path: 'customer-names.user2.name' in the json file: 'test-data' has value: 'Sauce Labs Bike Light'
[DEBUG] 2025-05-30 18:19:25.324 [main] CompiledPath - Evaluating path: $['customer-names']['user2']['phoneNumber']
[INFO] 2025-05-30 18:19:25.325 [main] JsonUtils - Json path: 'customer-names.user2.phoneNumber' in the json file: 'test-data' has value: '97895644'
[INFO] 2025-05-30 18:19:25.543 [main] BrowserActions - Navigated to URL:  https://test.dhub.pro/#/app
[INFO] 2025-05-30 18:19:25.544 [main] HomePage - Clicking on Create order
[INFO] 2025-05-30 18:19:28.522 [main] HomePage - Filling the pickup task form
[INFO] 2025-05-30 18:19:46.409 [main] HomePage - Filling the delivery task form
[INFO] 2025-05-30 18:20:00.769 [main] HomePage - Clicking on Creating Task Button
[INFO] 2025-05-30 18:20:03.635 [main] HomePage - Actual value: Account 1
[INFO] 2025-05-30 18:20:03.653 [main] HomePage - Account name matched
[ERROR] 2025-05-30 18:20:04.088 [main] AllureUtils - Failed to attach logs to Allure report: test-outputs\Logs\logs
[INFO] 2025-05-30 18:20:04.101 [main] TestNGListeners - Test case createOrder passed
[INFO] 2025-05-30 18:20:04.133 [main] TestNGListeners - Test Execution finished
[ERROR] 2025-05-30 18:20:04.139 [main] TerminalUtils - Failed to execute command: Cannot run program "C:\Users\Mostafa.AbdelShafy\scoop\apps\allure\2.33.0\bin.bat": CreateProcess error=2, The system cannot find the file specified
[INFO] 2025-05-30 18:20:04.140 [main] AllureUtils - Allure report generated successfully on Windows
[ERROR] 2025-05-30 18:20:04.141 [main] FilesUtils - Failed to rename file: Source 'test-outputs\allure-report\index.html' does not exist
[INFO] 2025-05-30 18:20:10.684 [main] TerminalUtils - Command executed successfully: cmd.exe /c start test-outputs/allure-report\Report_2025-05-30-18-20-04.html
[DEBUG] 2025-05-30 18:34:37.786 [main] TestNG - suiteXmlPath: "C:\Users\Mostafa.AbdelShafy\AppData\Local\JetBrains\IdeaIC2024.3\temp-testng-customsuite.xml"
[INFO] 2025-05-30 18:34:39.648 [main] TestNGListeners - Test Execution started
[INFO] 2025-05-30 18:34:39.698 [main] PropertiesUtils - Loading Properties File Data
[INFO] 2025-05-30 18:34:39.941 [main] Utils - [TestNG] Running:
  C:\Users\Mostafa.AbdelShafy\AppData\Local\JetBrains\IdeaIC2024.3\temp-testng-customsuite.xml

[INFO] 2025-05-30 18:34:53.348 [main] BrowserActions - Navigated to URL:  https://test.dhub.pro/#/auth/login
[DEBUG] 2025-05-30 18:34:53.743 [main] CompiledPath - Evaluating path: $['login-credentials']['username']
[INFO] 2025-05-30 18:34:53.765 [main] JsonUtils - Json path: 'login-credentials.username' in the json file: 'test-data' has value: 'Account@1.com'
[DEBUG] 2025-05-30 18:34:54.305 [main] CompiledPath - Evaluating path: $['login-credentials']['password']
[INFO] 2025-05-30 18:34:54.306 [main] JsonUtils - Json path: 'login-credentials.password' in the json file: 'test-data' has value: 'Mnbvcxz@2'
[INFO] 2025-05-30 18:34:55.477 [main] BrowserActions - Current URL https://test.dhub.pro/#/auth/login
[ERROR] 2025-05-30 18:34:56.582 [main] AllureUtils - Failed to attach logs to Allure report: test-outputs\Logs\logs
[INFO] 2025-05-30 18:34:57.116 [main] TestNGListeners - Test case loginTest passed
[DEBUG] 2025-05-30 18:34:57.132 [main] CompiledPath - Evaluating path: $['customer-names']['user1']['name']
[INFO] 2025-05-30 18:34:57.133 [main] JsonUtils - Json path: 'customer-names.user1.name' in the json file: 'test-data' has value: 'Sauce Labs Backpack'
[DEBUG] 2025-05-30 18:34:57.133 [main] CompiledPath - Evaluating path: $['customer-names']['user1']['phoneNumber']
[INFO] 2025-05-30 18:34:57.134 [main] JsonUtils - Json path: 'customer-names.user1.phoneNumber' in the json file: 'test-data' has value: '97348900'
[DEBUG] 2025-05-30 18:34:57.135 [main] CompiledPath - Evaluating path: $['customer-names']['user2']['name']
[INFO] 2025-05-30 18:34:57.136 [main] JsonUtils - Json path: 'customer-names.user2.name' in the json file: 'test-data' has value: 'Sauce Labs Bike Light'
[DEBUG] 2025-05-30 18:34:57.136 [main] CompiledPath - Evaluating path: $['customer-names']['user2']['phoneNumber']
[INFO] 2025-05-30 18:34:57.136 [main] JsonUtils - Json path: 'customer-names.user2.phoneNumber' in the json file: 'test-data' has value: '97895644'
[INFO] 2025-05-30 18:34:57.315 [main] BrowserActions - Navigated to URL:  https://test.dhub.pro/#/app
[INFO] 2025-05-30 18:34:57.315 [main] HomePage - Clicking on Create order
[INFO] 2025-05-30 18:35:00.312 [main] HomePage - Filling the pickup task form
[INFO] 2025-05-30 18:35:18.858 [main] HomePage - Filling the delivery task form
[INFO] 2025-05-30 18:35:32.539 [main] HomePage - Clicking on Creating Task Button
[INFO] 2025-05-30 18:35:35.556 [main] HomePage - Actual value: Account 1
[INFO] 2025-05-30 18:35:35.576 [main] HomePage - Account name matched
[ERROR] 2025-05-30 18:35:35.877 [main] AllureUtils - Failed to attach logs to Allure report: test-outputs\Logs\logs
[INFO] 2025-05-30 18:35:35.889 [main] TestNGListeners - Test case createOrder passed
[INFO] 2025-05-30 18:35:35.923 [main] TestNGListeners - Test Execution finished
[INFO] 2025-05-30 18:35:42.177 [main] TerminalUtils - Command executed successfully: C:\Users\Mostafa.AbdelShafy\scoop\apps\allure\current\bin\allure.bat generate test-outputs/allure-results -o test-outputs/allure-report --clean --single-file
[INFO] 2025-05-30 18:35:42.177 [main] AllureUtils - Allure report generated successfully on Windows
[INFO] 2025-05-30 18:35:42.247 [main] FilesUtils - Target File Path: "test-outputs\allure-report\index.html", file was renamed to "Report_2025-05-30-18-35-42.html".
[INFO] 2025-05-30 18:35:42.677 [main] TerminalUtils - Command executed successfully: cmd.exe /c start test-outputs/allure-report\Report_2025-05-30-18-35-42.html
>>>>>>> 3c3056b1224ce36c5c629bbf90c2802d11a8b4e1
